0 verbose cli C:\Program Files\nodejs\node.exe C:\Users\HP\AppData\Roaming\npm\node_modules\npm\bin\npm-cli.js
1 info using npm@10.9.1
2 info using node@v21.6.1
3 silly config load:file:C:\Users\HP\AppData\Roaming\npm\node_modules\npm\npmrc
4 silly config load:file:C:\Users\HP\Desktop\lib\book-library-api\.npmrc
5 silly config load:file:C:\Users\HP\.npmrc
6 silly config load:file:C:\Users\HP\AppData\Roaming\npm\etc\npmrc
7 verbose title npm install express jsonwebtoken bcryptjs body-parser
8 verbose argv "install" "express" "jsonwebtoken" "bcryptjs" "body-parser"
9 verbose logfile logs-max:10 dir:C:\Users\HP\Desktop\lib\book-library-api\clean\_logs\2025-04-23T13_33_13_387Z-
10 verbose logfile C:\Users\HP\Desktop\lib\book-library-api\clean\_logs\2025-04-23T13_33_13_387Z-debug-0.log
11 silly logfile done cleaning log files
12 silly packumentCache heap:2197815296 maxSize:549453824 maxEntrySize:274726912
13 silly idealTree buildDeps
14 silly fetch manifest express@*
15 silly packumentCache full:https://registry.npmjs.org/express cache-miss
16 http fetch GET 200 https://registry.npmjs.org/express 1823ms (cache miss)
17 silly packumentCache full:https://registry.npmjs.org/express set size:undefined disposed:false
18 silly fetch manifest jsonwebtoken@*
19 silly packumentCache full:https://registry.npmjs.org/jsonwebtoken cache-miss
20 http fetch GET 200 https://registry.npmjs.org/jsonwebtoken 318ms (cache miss)
21 silly packumentCache full:https://registry.npmjs.org/jsonwebtoken set size:undefined disposed:false
22 silly fetch manifest bcryptjs@*
23 silly packumentCache full:https://registry.npmjs.org/bcryptjs cache-miss
24 http fetch GET 200 https://registry.npmjs.org/bcryptjs 322ms (cache miss)
25 silly packumentCache full:https://registry.npmjs.org/bcryptjs set size:undefined disposed:false
26 silly fetch manifest body-parser@*
27 silly packumentCache full:https://registry.npmjs.org/body-parser cache-miss
28 http fetch GET 200 https://registry.npmjs.org/body-parser 394ms (cache miss)
29 silly packumentCache full:https://registry.npmjs.org/body-parser set size:undefined disposed:false
30 silly placeDep ROOT bcryptjs@3.0.2 OK for: book-library-api@1.0.0 want: *
31 silly placeDep ROOT body-parser@2.2.0 OK for: book-library-api@1.0.0 want: *
32 silly placeDep ROOT express@5.1.0 OK for: book-library-api@1.0.0 want: *
33 silly placeDep ROOT jsonwebtoken@9.0.2 OK for: book-library-api@1.0.0 want: *
34 silly fetch manifest bytes@^3.1.2
35 silly packumentCache full:https://registry.npmjs.org/bytes cache-miss
36 silly fetch manifest content-type@^1.0.5
37 silly packumentCache full:https://registry.npmjs.org/content-type cache-miss
38 silly fetch manifest debug@^4.4.0
39 silly packumentCache full:https://registry.npmjs.org/debug cache-miss
40 http fetch GET 200 https://registry.npmjs.org/bytes 508ms (cache miss)
41 silly packumentCache full:https://registry.npmjs.org/bytes set size:undefined disposed:false
42 silly fetch manifest http-errors@^2.0.0
43 silly packumentCache full:https://registry.npmjs.org/http-errors cache-miss
44 http fetch GET 200 https://registry.npmjs.org/http-errors 223ms (cache miss)
45 silly packumentCache full:https://registry.npmjs.org/http-errors set size:undefined disposed:false
46 silly fetch manifest iconv-lite@^0.6.3
47 silly packumentCache full:https://registry.npmjs.org/iconv-lite cache-miss
48 http fetch GET 200 https://registry.npmjs.org/iconv-lite 263ms (cache miss)
49 silly packumentCache full:https://registry.npmjs.org/iconv-lite set size:undefined disposed:false
50 silly fetch manifest on-finished@^2.4.1
51 silly packumentCache full:https://registry.npmjs.org/on-finished cache-miss
52 http fetch GET 200 https://registry.npmjs.org/content-type 1088ms (cache miss)
53 silly packumentCache full:https://registry.npmjs.org/content-type set size:undefined disposed:false
54 silly fetch manifest qs@^6.14.0
55 silly packumentCache full:https://registry.npmjs.org/qs cache-miss
56 http fetch GET 200 https://registry.npmjs.org/debug 1100ms (cache miss)
57 silly packumentCache full:https://registry.npmjs.org/debug set size:undefined disposed:false
58 silly fetch manifest raw-body@^3.0.0
59 silly packumentCache full:https://registry.npmjs.org/raw-body cache-miss
60 http fetch GET 200 https://registry.npmjs.org/on-finished 252ms (cache miss)
61 silly packumentCache full:https://registry.npmjs.org/on-finished set size:undefined disposed:false
62 silly fetch manifest type-is@^2.0.0
63 silly packumentCache full:https://registry.npmjs.org/type-is cache-miss
64 http fetch GET 200 https://registry.npmjs.org/qs 246ms (cache miss)
65 silly packumentCache full:https://registry.npmjs.org/qs set size:undefined disposed:false
66 silly fetch manifest etag@^1.8.1
67 silly packumentCache full:https://registry.npmjs.org/etag cache-miss
68 http fetch GET 200 https://registry.npmjs.org/raw-body 267ms (cache miss)
69 silly packumentCache full:https://registry.npmjs.org/raw-body set size:undefined disposed:false
70 silly fetch manifest once@^1.4.0
71 silly packumentCache full:https://registry.npmjs.org/once cache-miss
72 http fetch GET 200 https://registry.npmjs.org/type-is 243ms (cache miss)
73 silly packumentCache full:https://registry.npmjs.org/type-is set size:undefined disposed:false
74 silly fetch manifest send@^1.1.0
75 silly packumentCache full:https://registry.npmjs.org/send cache-miss
76 http fetch GET 200 https://registry.npmjs.org/etag 232ms (cache miss)
77 silly packumentCache full:https://registry.npmjs.org/etag set size:undefined disposed:false
78 silly fetch manifest vary@^1.1.2
79 silly packumentCache full:https://registry.npmjs.org/vary cache-miss
80 http fetch GET 200 https://registry.npmjs.org/once 225ms (cache miss)
81 silly packumentCache full:https://registry.npmjs.org/once set size:undefined disposed:false
82 silly fetch manifest fresh@^2.0.0
83 silly packumentCache full:https://registry.npmjs.org/fresh cache-miss
84 http fetch GET 200 https://registry.npmjs.org/send 296ms (cache miss)
85 silly packumentCache full:https://registry.npmjs.org/send set size:undefined disposed:false
86 silly fetch manifest cookie@^0.7.1
87 silly packumentCache full:https://registry.npmjs.org/cookie cache-miss
88 http fetch GET 200 https://registry.npmjs.org/vary 261ms (cache miss)
89 silly packumentCache full:https://registry.npmjs.org/vary set size:undefined disposed:false
90 silly fetch manifest router@^2.2.0
91 silly packumentCache full:https://registry.npmjs.org/router cache-miss
92 http fetch GET 200 https://registry.npmjs.org/fresh 250ms (cache miss)
93 silly packumentCache full:https://registry.npmjs.org/fresh set size:undefined disposed:false
94 silly fetch manifest accepts@^2.0.0
95 silly packumentCache full:https://registry.npmjs.org/accepts cache-miss
96 http fetch GET 200 https://registry.npmjs.org/cookie 351ms (cache miss)
97 silly packumentCache full:https://registry.npmjs.org/cookie set size:undefined disposed:false
98 silly fetch manifest type-is@^2.0.1
99 silly packumentCache full:https://registry.npmjs.org/type-is cache-miss
100 http fetch GET 200 https://registry.npmjs.org/accepts 343ms (cache miss)
101 silly packumentCache full:https://registry.npmjs.org/accepts set size:undefined disposed:false
102 silly fetch manifest parseurl@^1.3.3
103 silly packumentCache full:https://registry.npmjs.org/parseurl cache-miss
104 http fetch GET 200 https://registry.npmjs.org/router 400ms (cache miss)
105 silly packumentCache full:https://registry.npmjs.org/router set size:undefined disposed:false
106 silly fetch manifest statuses@^2.0.1
107 silly packumentCache full:https://registry.npmjs.org/statuses cache-miss
108 http cache https://registry.npmjs.org/type-is 67ms (cache hit)
109 silly packumentCache full:https://registry.npmjs.org/type-is set size:86196 disposed:false
110 silly fetch manifest encodeurl@^2.0.0
111 silly packumentCache full:https://registry.npmjs.org/encodeurl cache-miss
112 http fetch GET 200 https://registry.npmjs.org/encodeurl 397ms (cache miss)
113 silly packumentCache full:https://registry.npmjs.org/encodeurl set size:undefined disposed:false
114 silly fetch manifest mime-types@^3.0.0
115 silly packumentCache full:https://registry.npmjs.org/mime-types cache-miss
116 http fetch GET 200 https://registry.npmjs.org/parseurl 450ms (cache miss)
117 silly packumentCache full:https://registry.npmjs.org/parseurl set size:undefined disposed:false
118 silly fetch manifest proxy-addr@^2.0.7
119 silly packumentCache full:https://registry.npmjs.org/proxy-addr cache-miss
120 http fetch GET 200 https://registry.npmjs.org/statuses 439ms (cache miss)
121 silly packumentCache full:https://registry.npmjs.org/statuses set size:undefined disposed:false
122 silly fetch manifest escape-html@^1.0.3
123 silly packumentCache full:https://registry.npmjs.org/escape-html cache-miss
124 http fetch GET 200 https://registry.npmjs.org/escape-html 355ms (cache miss)
125 silly packumentCache full:https://registry.npmjs.org/escape-html set size:undefined disposed:false
126 silly fetch manifest finalhandler@^2.1.0
127 silly packumentCache full:https://registry.npmjs.org/finalhandler cache-miss
128 http fetch GET 200 https://registry.npmjs.org/proxy-addr 379ms (cache miss)
129 silly packumentCache full:https://registry.npmjs.org/proxy-addr set size:undefined disposed:false
130 silly fetch manifest range-parser@^1.2.1
131 silly packumentCache full:https://registry.npmjs.org/range-parser cache-miss
132 http fetch GET 200 https://registry.npmjs.org/mime-types 406ms (cache miss)
133 silly packumentCache full:https://registry.npmjs.org/mime-types set size:undefined disposed:false
134 silly fetch manifest serve-static@^2.2.0
135 silly packumentCache full:https://registry.npmjs.org/serve-static cache-miss
136 http fetch GET 200 https://registry.npmjs.org/range-parser 446ms (cache miss)
137 silly packumentCache full:https://registry.npmjs.org/range-parser set size:undefined disposed:false
138 silly fetch manifest cookie-signature@^1.2.1
139 silly packumentCache full:https://registry.npmjs.org/cookie-signature cache-miss
140 http fetch GET 200 https://registry.npmjs.org/finalhandler 470ms (cache miss)
141 silly packumentCache full:https://registry.npmjs.org/finalhandler set size:undefined disposed:false
142 silly fetch manifest merge-descriptors@^2.0.0
143 silly packumentCache full:https://registry.npmjs.org/merge-descriptors cache-miss
144 http fetch GET 200 https://registry.npmjs.org/serve-static 461ms (cache miss)
145 silly packumentCache full:https://registry.npmjs.org/serve-static set size:undefined disposed:false
146 silly fetch manifest content-disposition@^1.0.0
147 silly packumentCache full:https://registry.npmjs.org/content-disposition cache-miss
148 http fetch GET 200 https://registry.npmjs.org/cookie-signature 263ms (cache miss)
149 silly packumentCache full:https://registry.npmjs.org/cookie-signature set size:undefined disposed:false
150 silly fetch manifest ms@^2.1.1
151 silly packumentCache full:https://registry.npmjs.org/ms cache-miss
152 http fetch GET 200 https://registry.npmjs.org/merge-descriptors 259ms (cache miss)
153 silly packumentCache full:https://registry.npmjs.org/merge-descriptors set size:undefined disposed:false
154 silly fetch manifest jws@^3.2.2
155 silly packumentCache full:https://registry.npmjs.org/jws cache-miss
156 http fetch GET 200 https://registry.npmjs.org/content-disposition 257ms (cache miss)
157 silly packumentCache full:https://registry.npmjs.org/content-disposition set size:undefined disposed:false
158 silly fetch manifest semver@^7.5.4
159 silly packumentCache full:https://registry.npmjs.org/semver cache-miss
160 http fetch GET 200 https://registry.npmjs.org/ms 278ms (cache miss)
161 silly packumentCache full:https://registry.npmjs.org/ms set size:undefined disposed:false
162 silly fetch manifest lodash.once@^4.0.0
163 silly packumentCache full:https://registry.npmjs.org/lodash.once cache-miss
164 http fetch GET 200 https://registry.npmjs.org/jws 320ms (cache miss)
165 silly packumentCache full:https://registry.npmjs.org/jws set size:undefined disposed:false
166 silly fetch manifest lodash.includes@^4.3.0
167 silly packumentCache full:https://registry.npmjs.org/lodash.includes cache-miss
168 http fetch GET 200 https://registry.npmjs.org/semver 395ms (cache miss)
169 silly packumentCache full:https://registry.npmjs.org/semver set size:undefined disposed:false
170 silly fetch manifest lodash.isnumber@^3.0.3
171 silly packumentCache full:https://registry.npmjs.org/lodash.isnumber cache-miss
172 http fetch GET 200 https://registry.npmjs.org/lodash.once 219ms (cache miss)
173 silly packumentCache full:https://registry.npmjs.org/lodash.once set size:undefined disposed:false
174 silly fetch manifest lodash.isstring@^4.0.1
175 silly packumentCache full:https://registry.npmjs.org/lodash.isstring cache-miss
176 http fetch GET 200 https://registry.npmjs.org/lodash.includes 246ms (cache miss)
177 silly packumentCache full:https://registry.npmjs.org/lodash.includes set size:undefined disposed:false
178 silly fetch manifest lodash.isboolean@^3.0.3
179 silly packumentCache full:https://registry.npmjs.org/lodash.isboolean cache-miss
180 http fetch GET 200 https://registry.npmjs.org/lodash.isnumber 231ms (cache miss)
181 silly packumentCache full:https://registry.npmjs.org/lodash.isnumber set size:undefined disposed:false
182 silly fetch manifest lodash.isinteger@^4.0.4
183 silly packumentCache full:https://registry.npmjs.org/lodash.isinteger cache-miss
184 http fetch GET 200 https://registry.npmjs.org/lodash.isstring 261ms (cache miss)
185 silly packumentCache full:https://registry.npmjs.org/lodash.isstring set size:undefined disposed:false
186 silly fetch manifest lodash.isplainobject@^4.0.6
187 silly packumentCache full:https://registry.npmjs.org/lodash.isplainobject cache-miss
188 http fetch GET 200 https://registry.npmjs.org/lodash.isinteger 222ms (cache miss)
189 silly packumentCache full:https://registry.npmjs.org/lodash.isinteger set size:undefined disposed:false
190 http fetch GET 200 https://registry.npmjs.org/lodash.isboolean 307ms (cache miss)
191 silly packumentCache full:https://registry.npmjs.org/lodash.isboolean set size:undefined disposed:false
192 http fetch GET 200 https://registry.npmjs.org/lodash.isplainobject 283ms (cache miss)
193 silly packumentCache full:https://registry.npmjs.org/lodash.isplainobject set size:undefined disposed:false
194 silly placeDep ROOT bytes@3.1.2 OK for: body-parser@2.2.0 want: ^3.1.2
195 silly placeDep ROOT content-type@1.0.5 OK for: body-parser@2.2.0 want: ^1.0.5
196 silly placeDep ROOT debug@4.4.0 OK for: body-parser@2.2.0 want: ^4.4.0
197 silly placeDep ROOT http-errors@2.0.0 OK for: body-parser@2.2.0 want: ^2.0.0
198 silly placeDep ROOT iconv-lite@0.6.3 OK for: body-parser@2.2.0 want: ^0.6.3
199 silly placeDep ROOT on-finished@2.4.1 OK for: body-parser@2.2.0 want: ^2.4.1
200 silly placeDep ROOT qs@6.14.0 OK for: body-parser@2.2.0 want: ^6.14.0
201 silly placeDep ROOT raw-body@3.0.0 OK for: body-parser@2.2.0 want: ^3.0.0
202 silly placeDep ROOT type-is@2.0.1 OK for: body-parser@2.2.0 want: ^2.0.0
203 silly fetch manifest ms@^2.1.3
204 silly packumentCache full:https://registry.npmjs.org/ms cache-miss
205 silly fetch manifest depd@2.0.0
206 silly packumentCache full:https://registry.npmjs.org/depd cache-miss
207 silly fetch manifest inherits@2.0.4
208 silly packumentCache full:https://registry.npmjs.org/inherits cache-miss
209 http cache https://registry.npmjs.org/ms 56ms (cache hit)
210 silly packumentCache full:https://registry.npmjs.org/ms set size:84883 disposed:false
211 silly fetch manifest setprototypeof@1.2.0
212 silly packumentCache full:https://registry.npmjs.org/setprototypeof cache-miss
213 http fetch GET 200 https://registry.npmjs.org/inherits 240ms (cache miss)
214 silly packumentCache full:https://registry.npmjs.org/inherits set size:undefined disposed:false
215 silly fetch manifest statuses@2.0.1
216 silly packumentCache full:https://registry.npmjs.org/statuses cache-miss
217 http cache https://registry.npmjs.org/statuses 10ms (cache hit)
218 silly packumentCache full:https://registry.npmjs.org/statuses set size:34272 disposed:false
219 silly fetch manifest toidentifier@1.0.1
220 silly packumentCache full:https://registry.npmjs.org/toidentifier cache-miss
221 http fetch GET 200 https://registry.npmjs.org/depd 277ms (cache miss)
222 silly packumentCache full:https://registry.npmjs.org/depd set size:undefined disposed:false
223 silly fetch manifest safer-buffer@>= 2.1.2 < 3.0.0
224 silly packumentCache full:https://registry.npmjs.org/safer-buffer cache-miss
225 http fetch GET 200 https://registry.npmjs.org/setprototypeof 249ms (cache miss)
226 silly packumentCache full:https://registry.npmjs.org/setprototypeof set size:undefined disposed:false
227 silly fetch manifest ee-first@1.1.1
228 silly packumentCache full:https://registry.npmjs.org/ee-first cache-miss
229 http fetch GET 200 https://registry.npmjs.org/toidentifier 314ms (cache miss)
230 silly packumentCache full:https://registry.npmjs.org/toidentifier set size:undefined disposed:false
231 silly fetch manifest side-channel@^1.1.0
232 silly packumentCache full:https://registry.npmjs.org/side-channel cache-miss
233 http fetch GET 200 https://registry.npmjs.org/safer-buffer 297ms (cache miss)
234 silly packumentCache full:https://registry.npmjs.org/safer-buffer set size:undefined disposed:false
235 silly fetch manifest unpipe@1.0.0
236 silly packumentCache full:https://registry.npmjs.org/unpipe cache-miss
237 http fetch GET 200 https://registry.npmjs.org/ee-first 277ms (cache miss)
238 silly packumentCache full:https://registry.npmjs.org/ee-first set size:undefined disposed:false
239 silly fetch manifest media-typer@^1.1.0
240 silly packumentCache full:https://registry.npmjs.org/media-typer cache-miss
241 http fetch GET 200 https://registry.npmjs.org/unpipe 326ms (cache miss)
242 silly packumentCache full:https://registry.npmjs.org/unpipe set size:undefined disposed:false
243 http fetch GET 200 https://registry.npmjs.org/side-channel 339ms (cache miss)
244 silly packumentCache full:https://registry.npmjs.org/side-channel set size:undefined disposed:false
245 http fetch GET 200 https://registry.npmjs.org/media-typer 330ms (cache miss)
246 silly packumentCache full:https://registry.npmjs.org/media-typer set size:undefined disposed:false
247 silly placeDep ROOT ms@2.1.3 OK for: debug@4.4.0 want: ^2.1.3
248 silly placeDep ROOT accepts@2.0.0 OK for: express@5.1.0 want: ^2.0.0
249 silly placeDep ROOT content-disposition@1.0.0 OK for: express@5.1.0 want: ^1.0.0
250 silly placeDep ROOT cookie@0.7.2 OK for: express@5.1.0 want: ^0.7.1
251 silly placeDep ROOT cookie-signature@1.2.2 OK for: express@5.1.0 want: ^1.2.1
252 silly placeDep ROOT encodeurl@2.0.0 OK for: express@5.1.0 want: ^2.0.0
253 silly placeDep ROOT escape-html@1.0.3 OK for: express@5.1.0 want: ^1.0.3
254 silly placeDep ROOT etag@1.8.1 OK for: express@5.1.0 want: ^1.8.1
255 silly placeDep ROOT finalhandler@2.1.0 OK for: express@5.1.0 want: ^2.1.0
256 silly placeDep ROOT fresh@2.0.0 OK for: express@5.1.0 want: ^2.0.0
257 silly placeDep ROOT merge-descriptors@2.0.0 OK for: express@5.1.0 want: ^2.0.0
258 silly placeDep ROOT mime-types@3.0.1 OK for: express@5.1.0 want: ^3.0.0
259 silly placeDep ROOT once@1.4.0 OK for: express@5.1.0 want: ^1.4.0
260 silly placeDep ROOT parseurl@1.3.3 OK for: express@5.1.0 want: ^1.3.3
261 silly placeDep ROOT proxy-addr@2.0.7 OK for: express@5.1.0 want: ^2.0.7
262 silly placeDep ROOT range-parser@1.2.1 OK for: express@5.1.0 want: ^1.2.1
263 silly placeDep ROOT router@2.2.0 OK for: express@5.1.0 want: ^2.2.0
264 silly placeDep ROOT send@1.2.0 OK for: express@5.1.0 want: ^1.1.0
265 silly placeDep ROOT serve-static@2.2.0 OK for: express@5.1.0 want: ^2.2.0
266 silly placeDep ROOT statuses@2.0.1 OK for: express@5.1.0 want: ^2.0.1
267 silly placeDep ROOT vary@1.1.2 OK for: express@5.1.0 want: ^1.1.2
268 silly fetch manifest negotiator@^1.0.0
269 silly packumentCache full:https://registry.npmjs.org/negotiator cache-miss
270 silly fetch manifest safe-buffer@5.2.1
271 silly packumentCache full:https://registry.npmjs.org/safe-buffer cache-miss
272 silly fetch manifest mime-db@^1.54.0
273 silly packumentCache full:https://registry.npmjs.org/mime-db cache-miss
274 http fetch GET 200 https://registry.npmjs.org/negotiator 429ms (cache miss)
275 silly packumentCache full:https://registry.npmjs.org/negotiator set size:undefined disposed:false
276 silly fetch manifest wrappy@1
277 silly packumentCache full:https://registry.npmjs.org/wrappy cache-miss
278 http fetch GET 200 https://registry.npmjs.org/mime-db 432ms (cache miss)
279 silly packumentCache full:https://registry.npmjs.org/mime-db set size:undefined disposed:false
280 silly fetch manifest forwarded@0.2.0
281 silly packumentCache full:https://registry.npmjs.org/forwarded cache-miss
282 http fetch GET 200 https://registry.npmjs.org/safe-buffer 441ms (cache miss)
283 silly packumentCache full:https://registry.npmjs.org/safe-buffer set size:undefined disposed:false
284 silly fetch manifest ipaddr.js@1.9.1
285 silly packumentCache full:https://registry.npmjs.org/ipaddr.js cache-miss
286 http fetch GET 200 https://registry.npmjs.org/forwarded 253ms (cache miss)
287 silly packumentCache full:https://registry.npmjs.org/forwarded set size:undefined disposed:false
288 silly fetch manifest depd@^2.0.0
289 silly packumentCache full:https://registry.npmjs.org/depd cache-miss
290 http fetch GET 200 https://registry.npmjs.org/wrappy 273ms (cache miss)
291 silly packumentCache full:https://registry.npmjs.org/wrappy set size:undefined disposed:false
292 silly fetch manifest is-promise@^4.0.0
293 silly packumentCache full:https://registry.npmjs.org/is-promise cache-miss
294 http cache https://registry.npmjs.org/depd 16ms (cache hit)
295 silly packumentCache full:https://registry.npmjs.org/depd set size:40182 disposed:false
296 silly fetch manifest path-to-regexp@^8.0.0
297 silly packumentCache full:https://registry.npmjs.org/path-to-regexp cache-miss
298 http fetch GET 200 https://registry.npmjs.org/ipaddr.js 344ms (cache miss)
299 silly packumentCache full:https://registry.npmjs.org/ipaddr.js set size:undefined disposed:false
300 http fetch GET 200 https://registry.npmjs.org/is-promise 307ms (cache miss)
301 silly packumentCache full:https://registry.npmjs.org/is-promise set size:undefined disposed:false
302 http fetch GET 200 https://registry.npmjs.org/path-to-regexp 341ms (cache miss)
303 silly packumentCache full:https://registry.npmjs.org/path-to-regexp set size:undefined disposed:false
304 silly placeDep ROOT negotiator@1.0.0 OK for: accepts@2.0.0 want: ^1.0.0
305 silly placeDep ROOT safe-buffer@5.2.1 OK for: content-disposition@1.0.0 want: 5.2.1
306 silly placeDep ROOT depd@2.0.0 OK for: http-errors@2.0.0 want: 2.0.0
307 silly placeDep ROOT inherits@2.0.4 OK for: http-errors@2.0.0 want: 2.0.4
308 silly placeDep ROOT setprototypeof@1.2.0 OK for: http-errors@2.0.0 want: 1.2.0
309 silly placeDep ROOT toidentifier@1.0.1 OK for: http-errors@2.0.0 want: 1.0.1
310 silly placeDep ROOT safer-buffer@2.1.2 OK for: iconv-lite@0.6.3 want: >= 2.1.2 < 3.0.0
311 silly placeDep ROOT jws@3.2.2 OK for: jsonwebtoken@9.0.2 want: ^3.2.2
312 silly placeDep ROOT lodash.includes@4.3.0 OK for: jsonwebtoken@9.0.2 want: ^4.3.0
313 silly placeDep ROOT lodash.isboolean@3.0.3 OK for: jsonwebtoken@9.0.2 want: ^3.0.3
314 silly placeDep ROOT lodash.isinteger@4.0.4 OK for: jsonwebtoken@9.0.2 want: ^4.0.4
315 silly placeDep ROOT lodash.isnumber@3.0.3 OK for: jsonwebtoken@9.0.2 want: ^3.0.3
316 silly placeDep ROOT lodash.isplainobject@4.0.6 OK for: jsonwebtoken@9.0.2 want: ^4.0.6
317 silly placeDep ROOT lodash.isstring@4.0.1 OK for: jsonwebtoken@9.0.2 want: ^4.0.1
318 silly placeDep ROOT lodash.once@4.1.1 OK for: jsonwebtoken@9.0.2 want: ^4.0.0
319 silly placeDep ROOT semver@7.7.1 OK for: jsonwebtoken@9.0.2 want: ^7.5.4
320 silly fetch manifest jwa@^1.4.1
321 silly packumentCache full:https://registry.npmjs.org/jwa cache-miss
322 http fetch GET 200 https://registry.npmjs.org/jwa 236ms (cache miss)
323 silly packumentCache full:https://registry.npmjs.org/jwa set size:undefined disposed:false
324 silly placeDep ROOT jwa@1.4.1 OK for: jws@3.2.2 want: ^1.4.1
325 silly fetch manifest ecdsa-sig-formatter@1.0.11
326 silly packumentCache full:https://registry.npmjs.org/ecdsa-sig-formatter cache-miss
327 silly fetch manifest buffer-equal-constant-time@1.0.1
328 silly packumentCache full:https://registry.npmjs.org/buffer-equal-constant-time cache-miss
329 http fetch GET 200 https://registry.npmjs.org/buffer-equal-constant-time 485ms (cache miss)
330 silly packumentCache full:https://registry.npmjs.org/buffer-equal-constant-time set size:undefined disposed:false
331 http fetch GET 200 https://registry.npmjs.org/ecdsa-sig-formatter 579ms (cache miss)
332 silly packumentCache full:https://registry.npmjs.org/ecdsa-sig-formatter set size:undefined disposed:false
333 silly placeDep ROOT buffer-equal-constant-time@1.0.1 OK for: jwa@1.4.1 want: 1.0.1
334 silly placeDep ROOT ecdsa-sig-formatter@1.0.11 OK for: jwa@1.4.1 want: 1.0.11
335 silly placeDep ROOT mime-db@1.54.0 OK for: mime-types@3.0.1 want: ^1.54.0
336 silly placeDep ROOT ee-first@1.1.1 OK for: on-finished@2.4.1 want: 1.1.1
337 silly placeDep ROOT wrappy@1.0.2 OK for: once@1.4.0 want: 1
338 silly placeDep ROOT forwarded@0.2.0 OK for: proxy-addr@2.0.7 want: 0.2.0
339 silly placeDep ROOT ipaddr.js@1.9.1 OK for: proxy-addr@2.0.7 want: 1.9.1
340 silly placeDep ROOT side-channel@1.1.0 OK for: qs@6.14.0 want: ^1.1.0
341 silly fetch manifest es-errors@^1.3.0
342 silly packumentCache full:https://registry.npmjs.org/es-errors cache-miss
343 silly fetch manifest object-inspect@^1.13.3
344 silly packumentCache full:https://registry.npmjs.org/object-inspect cache-miss
345 silly fetch manifest side-channel-list@^1.0.0
346 silly packumentCache full:https://registry.npmjs.org/side-channel-list cache-miss
347 http fetch GET 200 https://registry.npmjs.org/side-channel-list 247ms (cache miss)
348 silly packumentCache full:https://registry.npmjs.org/side-channel-list set size:undefined disposed:false
349 silly fetch manifest side-channel-map@^1.0.1
350 silly packumentCache full:https://registry.npmjs.org/side-channel-map cache-miss
351 http fetch GET 200 https://registry.npmjs.org/object-inspect 255ms (cache miss)
352 silly packumentCache full:https://registry.npmjs.org/object-inspect set size:undefined disposed:false
353 silly fetch manifest side-channel-weakmap@^1.0.2
354 silly packumentCache full:https://registry.npmjs.org/side-channel-weakmap cache-miss
355 http fetch GET 200 https://registry.npmjs.org/es-errors 268ms (cache miss)
356 silly packumentCache full:https://registry.npmjs.org/es-errors set size:undefined disposed:false
357 http fetch GET 200 https://registry.npmjs.org/side-channel-weakmap 229ms (cache miss)
358 silly packumentCache full:https://registry.npmjs.org/side-channel-weakmap set size:undefined disposed:false
359 http fetch GET 200 https://registry.npmjs.org/side-channel-map 243ms (cache miss)
360 silly packumentCache full:https://registry.npmjs.org/side-channel-map set size:undefined disposed:false
361 silly placeDep ROOT unpipe@1.0.0 OK for: raw-body@3.0.0 want: 1.0.0
362 silly placeDep ROOT is-promise@4.0.0 OK for: router@2.2.0 want: ^4.0.0
363 silly placeDep ROOT path-to-regexp@8.2.0 OK for: router@2.2.0 want: ^8.0.0
364 silly placeDep ROOT es-errors@1.3.0 OK for: side-channel@1.1.0 want: ^1.3.0
365 silly placeDep ROOT object-inspect@1.13.4 OK for: side-channel@1.1.0 want: ^1.13.3
366 silly placeDep ROOT side-channel-list@1.0.0 OK for: side-channel@1.1.0 want: ^1.0.0
367 silly placeDep ROOT side-channel-map@1.0.1 OK for: side-channel@1.1.0 want: ^1.0.1
368 silly placeDep ROOT side-channel-weakmap@1.0.2 OK for: side-channel@1.1.0 want: ^1.0.2
369 silly fetch manifest call-bound@^1.0.2
370 silly packumentCache full:https://registry.npmjs.org/call-bound cache-miss
371 silly fetch manifest get-intrinsic@^1.2.5
372 silly packumentCache full:https://registry.npmjs.org/get-intrinsic cache-miss
373 silly fetch manifest call-bound@^1.0.2
374 silly packumentCache full:https://registry.npmjs.org/call-bound cache-miss
375 http fetch GET 200 https://registry.npmjs.org/call-bound 230ms (cache miss)
376 silly packumentCache full:https://registry.npmjs.org/call-bound set size:undefined disposed:false
377 silly fetch manifest get-intrinsic@^1.2.5
378 silly packumentCache full:https://registry.npmjs.org/get-intrinsic cache-miss
379 http fetch GET 200 https://registry.npmjs.org/call-bound 234ms (cache miss)
380 silly packumentCache full:https://registry.npmjs.org/call-bound set size:undefined disposed:false
381 http fetch GET 200 https://registry.npmjs.org/get-intrinsic 238ms (cache miss)
382 silly packumentCache full:https://registry.npmjs.org/get-intrinsic set size:undefined disposed:false
383 http fetch GET 200 https://registry.npmjs.org/get-intrinsic 216ms (cache miss)
384 silly packumentCache full:https://registry.npmjs.org/get-intrinsic set size:undefined disposed:false
385 silly placeDep ROOT call-bound@1.0.4 OK for: side-channel-map@1.0.1 want: ^1.0.2
386 silly placeDep ROOT get-intrinsic@1.3.0 OK for: side-channel-map@1.0.1 want: ^1.2.5
387 silly fetch manifest call-bind-apply-helpers@^1.0.2
388 silly packumentCache full:https://registry.npmjs.org/call-bind-apply-helpers cache-miss
389 silly fetch manifest get-intrinsic@^1.3.0
390 silly packumentCache full:https://registry.npmjs.org/get-intrinsic cache-miss
391 silly fetch manifest call-bind-apply-helpers@^1.0.2
392 silly packumentCache full:https://registry.npmjs.org/call-bind-apply-helpers cache-miss
393 http cache https://registry.npmjs.org/get-intrinsic 50ms (cache hit)
394 silly packumentCache full:https://registry.npmjs.org/get-intrinsic set size:57687 disposed:false
395 silly fetch manifest es-define-property@^1.0.1
396 silly packumentCache full:https://registry.npmjs.org/es-define-property cache-miss
397 http fetch GET 200 https://registry.npmjs.org/call-bind-apply-helpers 322ms (cache miss)
398 silly packumentCache full:https://registry.npmjs.org/call-bind-apply-helpers set size:undefined disposed:false
399 silly fetch manifest es-object-atoms@^1.1.1
400 silly packumentCache full:https://registry.npmjs.org/es-object-atoms cache-miss
401 http fetch GET 200 https://registry.npmjs.org/call-bind-apply-helpers 330ms (cache miss)
402 silly packumentCache full:https://registry.npmjs.org/call-bind-apply-helpers set size:undefined disposed:false
403 silly fetch manifest function-bind@^1.1.2
404 silly packumentCache full:https://registry.npmjs.org/function-bind cache-miss
405 http fetch GET 200 https://registry.npmjs.org/es-define-property 302ms (cache miss)
406 silly packumentCache full:https://registry.npmjs.org/es-define-property set size:undefined disposed:false
407 silly fetch manifest get-proto@^1.0.1
408 silly packumentCache full:https://registry.npmjs.org/get-proto cache-miss
409 http fetch GET 200 https://registry.npmjs.org/es-object-atoms 328ms (cache miss)
410 silly packumentCache full:https://registry.npmjs.org/es-object-atoms set size:undefined disposed:false
411 silly fetch manifest gopd@^1.2.0
412 silly packumentCache full:https://registry.npmjs.org/gopd cache-miss
413 http fetch GET 200 https://registry.npmjs.org/get-proto 304ms (cache miss)
414 silly packumentCache full:https://registry.npmjs.org/get-proto set size:undefined disposed:false
415 silly fetch manifest has-symbols@^1.1.0
416 silly packumentCache full:https://registry.npmjs.org/has-symbols cache-miss
417 http fetch GET 200 https://registry.npmjs.org/function-bind 329ms (cache miss)
418 silly packumentCache full:https://registry.npmjs.org/function-bind set size:undefined disposed:false
419 silly fetch manifest hasown@^2.0.2
420 silly packumentCache full:https://registry.npmjs.org/hasown cache-miss
421 http fetch GET 200 https://registry.npmjs.org/gopd 336ms (cache miss)
422 silly packumentCache full:https://registry.npmjs.org/gopd set size:undefined disposed:false
423 silly fetch manifest math-intrinsics@^1.1.0
424 silly packumentCache full:https://registry.npmjs.org/math-intrinsics cache-miss
425 http fetch GET 200 https://registry.npmjs.org/hasown 333ms (cache miss)
426 silly packumentCache full:https://registry.npmjs.org/hasown set size:undefined disposed:false
427 http fetch GET 200 https://registry.npmjs.org/has-symbols 339ms (cache miss)
428 silly packumentCache full:https://registry.npmjs.org/has-symbols set size:undefined disposed:false
429 http fetch GET 200 https://registry.npmjs.org/math-intrinsics 484ms (cache miss)
430 silly packumentCache full:https://registry.npmjs.org/math-intrinsics set size:undefined disposed:false
431 silly placeDep ROOT call-bind-apply-helpers@1.0.2 OK for: call-bound@1.0.4 want: ^1.0.2
432 silly placeDep ROOT function-bind@1.1.2 OK for: call-bind-apply-helpers@1.0.2 want: ^1.1.2
433 silly placeDep ROOT es-define-property@1.0.1 OK for: get-intrinsic@1.3.0 want: ^1.0.1
434 silly placeDep ROOT es-object-atoms@1.1.1 OK for: get-intrinsic@1.3.0 want: ^1.1.1
435 silly placeDep ROOT get-proto@1.0.1 OK for: get-intrinsic@1.3.0 want: ^1.0.1
436 silly placeDep ROOT gopd@1.2.0 OK for: get-intrinsic@1.3.0 want: ^1.2.0
437 silly placeDep ROOT has-symbols@1.1.0 OK for: get-intrinsic@1.3.0 want: ^1.1.0
438 silly placeDep ROOT hasown@2.0.2 OK for: get-intrinsic@1.3.0 want: ^2.0.2
439 silly placeDep ROOT math-intrinsics@1.1.0 OK for: get-intrinsic@1.3.0 want: ^1.1.0
440 silly fetch manifest dunder-proto@^1.0.1
441 silly packumentCache full:https://registry.npmjs.org/dunder-proto cache-miss
442 http fetch GET 200 https://registry.npmjs.org/dunder-proto 347ms (cache miss)
443 silly packumentCache full:https://registry.npmjs.org/dunder-proto set size:undefined disposed:false
444 silly placeDep ROOT dunder-proto@1.0.1 OK for: get-proto@1.0.1 want: ^1.0.1
445 silly placeDep ROOT media-typer@1.1.0 OK for: type-is@2.0.1 want: ^1.1.0
446 silly reify moves {}
447 silly audit bulk request {
447 silly audit   bcryptjs: [ '3.0.2' ],
447 silly audit   'body-parser': [ '2.2.0' ],
447 silly audit   express: [ '5.1.0' ],
447 silly audit   jsonwebtoken: [ '9.0.2' ],
447 silly audit   bytes: [ '3.1.2' ],
447 silly audit   'content-type': [ '1.0.5' ],
447 silly audit   debug: [ '4.4.0' ],
447 silly audit   'http-errors': [ '2.0.0' ],
447 silly audit   'iconv-lite': [ '0.6.3' ],
447 silly audit   'on-finished': [ '2.4.1' ],
447 silly audit   qs: [ '6.14.0' ],
447 silly audit   'raw-body': [ '3.0.0' ],
447 silly audit   'type-is': [ '2.0.1' ],
447 silly audit   ms: [ '2.1.3' ],
447 silly audit   accepts: [ '2.0.0' ],
447 silly audit   'content-disposition': [ '1.0.0' ],
447 silly audit   cookie: [ '0.7.2' ],
447 silly audit   'cookie-signature': [ '1.2.2' ],
447 silly audit   encodeurl: [ '2.0.0' ],
447 silly audit   'escape-html': [ '1.0.3' ],
447 silly audit   etag: [ '1.8.1' ],
447 silly audit   finalhandler: [ '2.1.0' ],
447 silly audit   fresh: [ '2.0.0' ],
447 silly audit   'merge-descriptors': [ '2.0.0' ],
447 silly audit   'mime-types': [ '3.0.1' ],
447 silly audit   once: [ '1.4.0' ],
447 silly audit   parseurl: [ '1.3.3' ],
447 silly audit   'proxy-addr': [ '2.0.7' ],
447 silly audit   'range-parser': [ '1.2.1' ],
447 silly audit   router: [ '2.2.0' ],
447 silly audit   send: [ '1.2.0' ],
447 silly audit   'serve-static': [ '2.2.0' ],
447 silly audit   statuses: [ '2.0.1' ],
447 silly audit   vary: [ '1.1.2' ],
447 silly audit   negotiator: [ '1.0.0' ],
447 silly audit   'safe-buffer': [ '5.2.1' ],
447 silly audit   depd: [ '2.0.0' ],
447 silly audit   inherits: [ '2.0.4' ],
447 silly audit   setprototypeof: [ '1.2.0' ],
447 silly audit   toidentifier: [ '1.0.1' ],
447 silly audit   'safer-buffer': [ '2.1.2' ],
447 silly audit   jws: [ '3.2.2' ],
447 silly audit   'lodash.includes': [ '4.3.0' ],
447 silly audit   'lodash.isboolean': [ '3.0.3' ],
447 silly audit   'lodash.isinteger': [ '4.0.4' ],
447 silly audit   'lodash.isnumber': [ '3.0.3' ],
447 silly audit   'lodash.isplainobject': [ '4.0.6' ],
447 silly audit   'lodash.isstring': [ '4.0.1' ],
447 silly audit   'lodash.once': [ '4.1.1' ],
447 silly audit   semver: [ '7.7.1' ],
447 silly audit   jwa: [ '1.4.1' ],
447 silly audit   'buffer-equal-constant-time': [ '1.0.1' ],
447 silly audit   'ecdsa-sig-formatter': [ '1.0.11' ],
447 silly audit   'mime-db': [ '1.54.0' ],
447 silly audit   'ee-first': [ '1.1.1' ],
447 silly audit   wrappy: [ '1.0.2' ],
447 silly audit   forwarded: [ '0.2.0' ],
447 silly audit   'ipaddr.js': [ '1.9.1' ],
447 silly audit   'side-channel': [ '1.1.0' ],
447 silly audit   unpipe: [ '1.0.0' ],
447 silly audit   'is-promise': [ '4.0.0' ],
447 silly audit   'path-to-regexp': [ '8.2.0' ],
447 silly audit   'es-errors': [ '1.3.0' ],
447 silly audit   'object-inspect': [ '1.13.4' ],
447 silly audit   'side-channel-list': [ '1.0.0' ],
447 silly audit   'side-channel-map': [ '1.0.1' ],
447 silly audit   'side-channel-weakmap': [ '1.0.2' ],
447 silly audit   'call-bound': [ '1.0.4' ],
447 silly audit   'get-intrinsic': [ '1.3.0' ],
447 silly audit   'call-bind-apply-helpers': [ '1.0.2' ],
447 silly audit   'function-bind': [ '1.1.2' ],
447 silly audit   'es-define-property': [ '1.0.1' ],
447 silly audit   'es-object-atoms': [ '1.1.1' ],
447 silly audit   'get-proto': [ '1.0.1' ],
447 silly audit   gopd: [ '1.2.0' ],
447 silly audit   'has-symbols': [ '1.1.0' ],
447 silly audit   hasown: [ '2.0.2' ],
447 silly audit   'math-intrinsics': [ '1.1.0' ],
447 silly audit   'dunder-proto': [ '1.0.1' ],
447 silly audit   'media-typer': [ '1.1.0' ]
447 silly audit }
448 http cache media-typer@https://registry.npmjs.org/media-typer/-/media-typer-1.1.0.tgz 0ms (cache hit)
449 http cache dunder-proto@https://registry.npmjs.org/dunder-proto/-/dunder-proto-1.0.1.tgz 0ms (cache hit)
450 http cache math-intrinsics@https://registry.npmjs.org/math-intrinsics/-/math-intrinsics-1.1.0.tgz 0ms (cache hit)
451 http cache hasown@https://registry.npmjs.org/hasown/-/hasown-2.0.2.tgz 0ms (cache hit)
452 http cache has-symbols@https://registry.npmjs.org/has-symbols/-/has-symbols-1.1.0.tgz 0ms (cache hit)
453 http cache gopd@https://registry.npmjs.org/gopd/-/gopd-1.2.0.tgz 0ms (cache hit)
454 http cache get-proto@https://registry.npmjs.org/get-proto/-/get-proto-1.0.1.tgz 0ms (cache hit)
455 http cache es-object-atoms@https://registry.npmjs.org/es-object-atoms/-/es-object-atoms-1.1.1.tgz 0ms (cache hit)
456 http cache es-define-property@https://registry.npmjs.org/es-define-property/-/es-define-property-1.0.1.tgz 0ms (cache hit)
457 http cache function-bind@https://registry.npmjs.org/function-bind/-/function-bind-1.1.2.tgz 0ms (cache hit)
458 http cache call-bind-apply-helpers@https://registry.npmjs.org/call-bind-apply-helpers/-/call-bind-apply-helpers-1.0.2.tgz 0ms (cache hit)
459 http cache get-intrinsic@https://registry.npmjs.org/get-intrinsic/-/get-intrinsic-1.3.0.tgz 0ms (cache hit)
460 http cache call-bound@https://registry.npmjs.org/call-bound/-/call-bound-1.0.4.tgz 0ms (cache hit)
461 http cache side-channel-map@https://registry.npmjs.org/side-channel-map/-/side-channel-map-1.0.1.tgz 0ms (cache hit)
462 http cache side-channel-weakmap@https://registry.npmjs.org/side-channel-weakmap/-/side-channel-weakmap-1.0.2.tgz 0ms (cache hit)
463 http cache side-channel-list@https://registry.npmjs.org/side-channel-list/-/side-channel-list-1.0.0.tgz 0ms (cache hit)
464 http cache es-errors@https://registry.npmjs.org/es-errors/-/es-errors-1.3.0.tgz 0ms (cache hit)
465 http cache object-inspect@https://registry.npmjs.org/object-inspect/-/object-inspect-1.13.4.tgz 0ms (cache hit)
466 http cache path-to-regexp@https://registry.npmjs.org/path-to-regexp/-/path-to-regexp-8.2.0.tgz 0ms (cache hit)
467 http cache is-promise@https://registry.npmjs.org/is-promise/-/is-promise-4.0.0.tgz 1ms (cache hit)
468 http cache unpipe@https://registry.npmjs.org/unpipe/-/unpipe-1.0.0.tgz 0ms (cache hit)
469 http cache side-channel@https://registry.npmjs.org/side-channel/-/side-channel-1.1.0.tgz 0ms (cache hit)
470 http cache ipaddr.js@https://registry.npmjs.org/ipaddr.js/-/ipaddr.js-1.9.1.tgz 0ms (cache hit)
471 http cache forwarded@https://registry.npmjs.org/forwarded/-/forwarded-0.2.0.tgz 0ms (cache hit)
472 http cache wrappy@https://registry.npmjs.org/wrappy/-/wrappy-1.0.2.tgz 0ms (cache hit)
473 http cache ee-first@https://registry.npmjs.org/ee-first/-/ee-first-1.1.1.tgz 0ms (cache hit)
474 http cache mime-db@https://registry.npmjs.org/mime-db/-/mime-db-1.54.0.tgz 0ms (cache hit)
475 http cache buffer-equal-constant-time@https://registry.npmjs.org/buffer-equal-constant-time/-/buffer-equal-constant-time-1.0.1.tgz 0ms (cache hit)
476 http cache ecdsa-sig-formatter@https://registry.npmjs.org/ecdsa-sig-formatter/-/ecdsa-sig-formatter-1.0.11.tgz 0ms (cache hit)
477 http cache jwa@https://registry.npmjs.org/jwa/-/jwa-1.4.1.tgz 0ms (cache hit)
478 http cache semver@https://registry.npmjs.org/semver/-/semver-7.7.1.tgz 0ms (cache hit)
479 http cache lodash.once@https://registry.npmjs.org/lodash.once/-/lodash.once-4.1.1.tgz 0ms (cache hit)
480 http cache lodash.isstring@https://registry.npmjs.org/lodash.isstring/-/lodash.isstring-4.0.1.tgz 0ms (cache hit)
481 http cache lodash.isplainobject@https://registry.npmjs.org/lodash.isplainobject/-/lodash.isplainobject-4.0.6.tgz 0ms (cache hit)
482 http cache lodash.isnumber@https://registry.npmjs.org/lodash.isnumber/-/lodash.isnumber-3.0.3.tgz 0ms (cache hit)
483 http cache lodash.isinteger@https://registry.npmjs.org/lodash.isinteger/-/lodash.isinteger-4.0.4.tgz 0ms (cache hit)
484 http cache lodash.isboolean@https://registry.npmjs.org/lodash.isboolean/-/lodash.isboolean-3.0.3.tgz 0ms (cache hit)
485 http cache lodash.includes@https://registry.npmjs.org/lodash.includes/-/lodash.includes-4.3.0.tgz 0ms (cache hit)
486 http cache jws@https://registry.npmjs.org/jws/-/jws-3.2.2.tgz 0ms (cache hit)
487 http cache safer-buffer@https://registry.npmjs.org/safer-buffer/-/safer-buffer-2.1.2.tgz 0ms (cache hit)
488 http cache toidentifier@https://registry.npmjs.org/toidentifier/-/toidentifier-1.0.1.tgz 1ms (cache hit)
489 http cache setprototypeof@https://registry.npmjs.org/setprototypeof/-/setprototypeof-1.2.0.tgz 0ms (cache hit)
490 http cache inherits@https://registry.npmjs.org/inherits/-/inherits-2.0.4.tgz 0ms (cache hit)
491 http cache depd@https://registry.npmjs.org/depd/-/depd-2.0.0.tgz 0ms (cache hit)
492 http cache negotiator@https://registry.npmjs.org/negotiator/-/negotiator-1.0.0.tgz 0ms (cache hit)
493 http cache safe-buffer@https://registry.npmjs.org/safe-buffer/-/safe-buffer-5.2.1.tgz 0ms (cache hit)
494 http cache vary@https://registry.npmjs.org/vary/-/vary-1.1.2.tgz 0ms (cache hit)
495 http cache statuses@https://registry.npmjs.org/statuses/-/statuses-2.0.1.tgz 0ms (cache hit)
496 http cache serve-static@https://registry.npmjs.org/serve-static/-/serve-static-2.2.0.tgz 0ms (cache hit)
497 http cache send@https://registry.npmjs.org/send/-/send-1.2.0.tgz 0ms (cache hit)
498 http cache router@https://registry.npmjs.org/router/-/router-2.2.0.tgz 0ms (cache hit)
499 http cache range-parser@https://registry.npmjs.org/range-parser/-/range-parser-1.2.1.tgz 0ms (cache hit)
500 http cache proxy-addr@https://registry.npmjs.org/proxy-addr/-/proxy-addr-2.0.7.tgz 0ms (cache hit)
501 http cache parseurl@https://registry.npmjs.org/parseurl/-/parseurl-1.3.3.tgz 0ms (cache hit)
502 http cache once@https://registry.npmjs.org/once/-/once-1.4.0.tgz 0ms (cache hit)
503 http cache mime-types@https://registry.npmjs.org/mime-types/-/mime-types-3.0.1.tgz 0ms (cache hit)
504 http cache merge-descriptors@https://registry.npmjs.org/merge-descriptors/-/merge-descriptors-2.0.0.tgz 0ms (cache hit)
505 http cache fresh@https://registry.npmjs.org/fresh/-/fresh-2.0.0.tgz 0ms (cache hit)
506 http cache finalhandler@https://registry.npmjs.org/finalhandler/-/finalhandler-2.1.0.tgz 0ms (cache hit)
507 http cache etag@https://registry.npmjs.org/etag/-/etag-1.8.1.tgz 0ms (cache hit)
508 http cache escape-html@https://registry.npmjs.org/escape-html/-/escape-html-1.0.3.tgz 0ms (cache hit)
509 http cache encodeurl@https://registry.npmjs.org/encodeurl/-/encodeurl-2.0.0.tgz 0ms (cache hit)
510 http cache cookie-signature@https://registry.npmjs.org/cookie-signature/-/cookie-signature-1.2.2.tgz 0ms (cache hit)
511 http cache cookie@https://registry.npmjs.org/cookie/-/cookie-0.7.2.tgz 0ms (cache hit)
512 http cache content-disposition@https://registry.npmjs.org/content-disposition/-/content-disposition-1.0.0.tgz 0ms (cache hit)
513 http cache accepts@https://registry.npmjs.org/accepts/-/accepts-2.0.0.tgz 0ms (cache hit)
514 http cache ms@https://registry.npmjs.org/ms/-/ms-2.1.3.tgz 0ms (cache hit)
515 http cache raw-body@https://registry.npmjs.org/raw-body/-/raw-body-3.0.0.tgz 0ms (cache hit)
516 http cache type-is@https://registry.npmjs.org/type-is/-/type-is-2.0.1.tgz 1ms (cache hit)
517 http cache qs@https://registry.npmjs.org/qs/-/qs-6.14.0.tgz 0ms (cache hit)
518 http cache on-finished@https://registry.npmjs.org/on-finished/-/on-finished-2.4.1.tgz 0ms (cache hit)
519 http cache iconv-lite@https://registry.npmjs.org/iconv-lite/-/iconv-lite-0.6.3.tgz 1ms (cache hit)
520 http cache http-errors@https://registry.npmjs.org/http-errors/-/http-errors-2.0.0.tgz 0ms (cache hit)
521 http cache debug@https://registry.npmjs.org/debug/-/debug-4.4.0.tgz 0ms (cache hit)
522 http cache content-type@https://registry.npmjs.org/content-type/-/content-type-1.0.5.tgz 0ms (cache hit)
523 http cache bytes@https://registry.npmjs.org/bytes/-/bytes-3.1.2.tgz 0ms (cache hit)
524 http cache jsonwebtoken@https://registry.npmjs.org/jsonwebtoken/-/jsonwebtoken-9.0.2.tgz 0ms (cache hit)
525 http cache express@https://registry.npmjs.org/express/-/express-5.1.0.tgz 0ms (cache hit)
526 http cache body-parser@https://registry.npmjs.org/body-parser/-/body-parser-2.2.0.tgz 0ms (cache hit)
527 http cache bcryptjs@https://registry.npmjs.org/bcryptjs/-/bcryptjs-3.0.2.tgz 0ms (cache hit)
528 silly tarball no local data for media-typer@https://registry.npmjs.org/media-typer/-/media-typer-1.1.0.tgz. Extracting by manifest.
529 silly tarball no local data for dunder-proto@https://registry.npmjs.org/dunder-proto/-/dunder-proto-1.0.1.tgz. Extracting by manifest.
530 silly tarball no local data for math-intrinsics@https://registry.npmjs.org/math-intrinsics/-/math-intrinsics-1.1.0.tgz. Extracting by manifest.
531 silly tarball no local data for hasown@https://registry.npmjs.org/hasown/-/hasown-2.0.2.tgz. Extracting by manifest.
532 silly tarball no local data for has-symbols@https://registry.npmjs.org/has-symbols/-/has-symbols-1.1.0.tgz. Extracting by manifest.
533 silly tarball no local data for gopd@https://registry.npmjs.org/gopd/-/gopd-1.2.0.tgz. Extracting by manifest.
534 silly tarball no local data for get-proto@https://registry.npmjs.org/get-proto/-/get-proto-1.0.1.tgz. Extracting by manifest.
535 silly tarball no local data for es-object-atoms@https://registry.npmjs.org/es-object-atoms/-/es-object-atoms-1.1.1.tgz. Extracting by manifest.
536 silly tarball no local data for es-define-property@https://registry.npmjs.org/es-define-property/-/es-define-property-1.0.1.tgz. Extracting by manifest.
537 silly tarball no local data for function-bind@https://registry.npmjs.org/function-bind/-/function-bind-1.1.2.tgz. Extracting by manifest.
538 silly tarball no local data for call-bind-apply-helpers@https://registry.npmjs.org/call-bind-apply-helpers/-/call-bind-apply-helpers-1.0.2.tgz. Extracting by manifest.
539 silly tarball no local data for get-intrinsic@https://registry.npmjs.org/get-intrinsic/-/get-intrinsic-1.3.0.tgz. Extracting by manifest.
540 silly tarball no local data for call-bound@https://registry.npmjs.org/call-bound/-/call-bound-1.0.4.tgz. Extracting by manifest.
541 silly tarball no local data for side-channel-map@https://registry.npmjs.org/side-channel-map/-/side-channel-map-1.0.1.tgz. Extracting by manifest.
542 silly tarball no local data for side-channel-weakmap@https://registry.npmjs.org/side-channel-weakmap/-/side-channel-weakmap-1.0.2.tgz. Extracting by manifest.
543 silly tarball no local data for side-channel-list@https://registry.npmjs.org/side-channel-list/-/side-channel-list-1.0.0.tgz. Extracting by manifest.
544 silly tarball no local data for es-errors@https://registry.npmjs.org/es-errors/-/es-errors-1.3.0.tgz. Extracting by manifest.
545 silly tarball no local data for object-inspect@https://registry.npmjs.org/object-inspect/-/object-inspect-1.13.4.tgz. Extracting by manifest.
546 silly tarball no local data for path-to-regexp@https://registry.npmjs.org/path-to-regexp/-/path-to-regexp-8.2.0.tgz. Extracting by manifest.
547 silly tarball no local data for is-promise@https://registry.npmjs.org/is-promise/-/is-promise-4.0.0.tgz. Extracting by manifest.
548 silly tarball no local data for unpipe@https://registry.npmjs.org/unpipe/-/unpipe-1.0.0.tgz. Extracting by manifest.
549 silly tarball no local data for side-channel@https://registry.npmjs.org/side-channel/-/side-channel-1.1.0.tgz. Extracting by manifest.
550 silly tarball no local data for ipaddr.js@https://registry.npmjs.org/ipaddr.js/-/ipaddr.js-1.9.1.tgz. Extracting by manifest.
551 silly tarball no local data for forwarded@https://registry.npmjs.org/forwarded/-/forwarded-0.2.0.tgz. Extracting by manifest.
552 silly tarball no local data for wrappy@https://registry.npmjs.org/wrappy/-/wrappy-1.0.2.tgz. Extracting by manifest.
553 silly tarball no local data for ee-first@https://registry.npmjs.org/ee-first/-/ee-first-1.1.1.tgz. Extracting by manifest.
554 silly tarball no local data for mime-db@https://registry.npmjs.org/mime-db/-/mime-db-1.54.0.tgz. Extracting by manifest.
555 silly tarball no local data for buffer-equal-constant-time@https://registry.npmjs.org/buffer-equal-constant-time/-/buffer-equal-constant-time-1.0.1.tgz. Extracting by manifest.
556 silly tarball no local data for ecdsa-sig-formatter@https://registry.npmjs.org/ecdsa-sig-formatter/-/ecdsa-sig-formatter-1.0.11.tgz. Extracting by manifest.
557 silly tarball no local data for jwa@https://registry.npmjs.org/jwa/-/jwa-1.4.1.tgz. Extracting by manifest.
558 silly tarball no local data for semver@https://registry.npmjs.org/semver/-/semver-7.7.1.tgz. Extracting by manifest.
559 silly tarball no local data for lodash.once@https://registry.npmjs.org/lodash.once/-/lodash.once-4.1.1.tgz. Extracting by manifest.
560 silly tarball no local data for lodash.isstring@https://registry.npmjs.org/lodash.isstring/-/lodash.isstring-4.0.1.tgz. Extracting by manifest.
561 silly tarball no local data for lodash.isplainobject@https://registry.npmjs.org/lodash.isplainobject/-/lodash.isplainobject-4.0.6.tgz. Extracting by manifest.
562 silly tarball no local data for lodash.isnumber@https://registry.npmjs.org/lodash.isnumber/-/lodash.isnumber-3.0.3.tgz. Extracting by manifest.
563 silly tarball no local data for lodash.isinteger@https://registry.npmjs.org/lodash.isinteger/-/lodash.isinteger-4.0.4.tgz. Extracting by manifest.
564 silly tarball no local data for lodash.isboolean@https://registry.npmjs.org/lodash.isboolean/-/lodash.isboolean-3.0.3.tgz. Extracting by manifest.
565 silly tarball no local data for lodash.includes@https://registry.npmjs.org/lodash.includes/-/lodash.includes-4.3.0.tgz. Extracting by manifest.
566 silly tarball no local data for jws@https://registry.npmjs.org/jws/-/jws-3.2.2.tgz. Extracting by manifest.
567 silly tarball no local data for safer-buffer@https://registry.npmjs.org/safer-buffer/-/safer-buffer-2.1.2.tgz. Extracting by manifest.
568 silly tarball no local data for toidentifier@https://registry.npmjs.org/toidentifier/-/toidentifier-1.0.1.tgz. Extracting by manifest.
569 silly tarball no local data for setprototypeof@https://registry.npmjs.org/setprototypeof/-/setprototypeof-1.2.0.tgz. Extracting by manifest.
570 silly tarball no local data for inherits@https://registry.npmjs.org/inherits/-/inherits-2.0.4.tgz. Extracting by manifest.
571 silly tarball no local data for depd@https://registry.npmjs.org/depd/-/depd-2.0.0.tgz. Extracting by manifest.
572 silly tarball no local data for negotiator@https://registry.npmjs.org/negotiator/-/negotiator-1.0.0.tgz. Extracting by manifest.
573 silly tarball no local data for safe-buffer@https://registry.npmjs.org/safe-buffer/-/safe-buffer-5.2.1.tgz. Extracting by manifest.
574 silly tarball no local data for vary@https://registry.npmjs.org/vary/-/vary-1.1.2.tgz. Extracting by manifest.
575 silly tarball no local data for statuses@https://registry.npmjs.org/statuses/-/statuses-2.0.1.tgz. Extracting by manifest.
576 silly tarball no local data for serve-static@https://registry.npmjs.org/serve-static/-/serve-static-2.2.0.tgz. Extracting by manifest.
577 silly tarball no local data for send@https://registry.npmjs.org/send/-/send-1.2.0.tgz. Extracting by manifest.
578 silly tarball no local data for router@https://registry.npmjs.org/router/-/router-2.2.0.tgz. Extracting by manifest.
579 silly tarball no local data for range-parser@https://registry.npmjs.org/range-parser/-/range-parser-1.2.1.tgz. Extracting by manifest.
580 silly tarball no local data for proxy-addr@https://registry.npmjs.org/proxy-addr/-/proxy-addr-2.0.7.tgz. Extracting by manifest.
581 silly tarball no local data for parseurl@https://registry.npmjs.org/parseurl/-/parseurl-1.3.3.tgz. Extracting by manifest.
582 silly tarball no local data for once@https://registry.npmjs.org/once/-/once-1.4.0.tgz. Extracting by manifest.
583 silly tarball no local data for mime-types@https://registry.npmjs.org/mime-types/-/mime-types-3.0.1.tgz. Extracting by manifest.
584 silly tarball no local data for merge-descriptors@https://registry.npmjs.org/merge-descriptors/-/merge-descriptors-2.0.0.tgz. Extracting by manifest.
585 silly tarball no local data for fresh@https://registry.npmjs.org/fresh/-/fresh-2.0.0.tgz. Extracting by manifest.
586 silly tarball no local data for finalhandler@https://registry.npmjs.org/finalhandler/-/finalhandler-2.1.0.tgz. Extracting by manifest.
587 silly tarball no local data for etag@https://registry.npmjs.org/etag/-/etag-1.8.1.tgz. Extracting by manifest.
588 silly tarball no local data for escape-html@https://registry.npmjs.org/escape-html/-/escape-html-1.0.3.tgz. Extracting by manifest.
589 silly tarball no local data for encodeurl@https://registry.npmjs.org/encodeurl/-/encodeurl-2.0.0.tgz. Extracting by manifest.
590 silly tarball no local data for cookie-signature@https://registry.npmjs.org/cookie-signature/-/cookie-signature-1.2.2.tgz. Extracting by manifest.
591 silly tarball no local data for cookie@https://registry.npmjs.org/cookie/-/cookie-0.7.2.tgz. Extracting by manifest.
592 silly tarball no local data for content-disposition@https://registry.npmjs.org/content-disposition/-/content-disposition-1.0.0.tgz. Extracting by manifest.
593 silly tarball no local data for accepts@https://registry.npmjs.org/accepts/-/accepts-2.0.0.tgz. Extracting by manifest.
594 silly tarball no local data for ms@https://registry.npmjs.org/ms/-/ms-2.1.3.tgz. Extracting by manifest.
595 silly tarball no local data for raw-body@https://registry.npmjs.org/raw-body/-/raw-body-3.0.0.tgz. Extracting by manifest.
596 silly tarball no local data for type-is@https://registry.npmjs.org/type-is/-/type-is-2.0.1.tgz. Extracting by manifest.
597 silly tarball no local data for qs@https://registry.npmjs.org/qs/-/qs-6.14.0.tgz. Extracting by manifest.
598 silly tarball no local data for on-finished@https://registry.npmjs.org/on-finished/-/on-finished-2.4.1.tgz. Extracting by manifest.
599 silly tarball no local data for iconv-lite@https://registry.npmjs.org/iconv-lite/-/iconv-lite-0.6.3.tgz. Extracting by manifest.
600 silly tarball no local data for http-errors@https://registry.npmjs.org/http-errors/-/http-errors-2.0.0.tgz. Extracting by manifest.
601 silly tarball no local data for debug@https://registry.npmjs.org/debug/-/debug-4.4.0.tgz. Extracting by manifest.
602 silly tarball no local data for content-type@https://registry.npmjs.org/content-type/-/content-type-1.0.5.tgz. Extracting by manifest.
603 silly tarball no local data for bytes@https://registry.npmjs.org/bytes/-/bytes-3.1.2.tgz. Extracting by manifest.
604 silly tarball no local data for jsonwebtoken@https://registry.npmjs.org/jsonwebtoken/-/jsonwebtoken-9.0.2.tgz. Extracting by manifest.
605 silly tarball no local data for express@https://registry.npmjs.org/express/-/express-5.1.0.tgz. Extracting by manifest.
606 silly tarball no local data for body-parser@https://registry.npmjs.org/body-parser/-/body-parser-2.2.0.tgz. Extracting by manifest.
607 silly tarball no local data for bcryptjs@https://registry.npmjs.org/bcryptjs/-/bcryptjs-3.0.2.tgz. Extracting by manifest.
608 http fetch POST 200 https://registry.npmjs.org/-/npm/v1/security/advisories/bulk 699ms
609 silly audit report {}
610 http fetch GET 200 https://registry.npmjs.org/dunder-proto/-/dunder-proto-1.0.1.tgz 567ms (cache miss)
611 http fetch GET 200 https://registry.npmjs.org/media-typer/-/media-typer-1.1.0.tgz 580ms (cache miss)
612 http fetch GET 200 https://registry.npmjs.org/side-channel-weakmap/-/side-channel-weakmap-1.0.2.tgz 826ms (cache miss)
613 http fetch GET 200 https://registry.npmjs.org/side-channel-list/-/side-channel-list-1.0.0.tgz 829ms (cache miss)
614 http fetch GET 200 https://registry.npmjs.org/es-errors/-/es-errors-1.3.0.tgz 829ms (cache miss)
615 http fetch GET 200 https://registry.npmjs.org/path-to-regexp/-/path-to-regexp-8.2.0.tgz 965ms (cache miss)
616 http fetch GET 200 https://registry.npmjs.org/is-promise/-/is-promise-4.0.0.tgz 968ms (cache miss)
617 http fetch GET 200 https://registry.npmjs.org/object-inspect/-/object-inspect-1.13.4.tgz 1121ms (cache miss)
618 http fetch GET 200 https://registry.npmjs.org/unpipe/-/unpipe-1.0.0.tgz 1133ms (cache miss)
619 http fetch GET 200 https://registry.npmjs.org/get-proto/-/get-proto-1.0.1.tgz 1298ms (cache miss)
620 http fetch GET 200 https://registry.npmjs.org/side-channel/-/side-channel-1.1.0.tgz 1382ms (cache miss)
621 http fetch GET 200 https://registry.npmjs.org/gopd/-/gopd-1.2.0.tgz 1625ms (cache miss)
622 http fetch GET 200 https://registry.npmjs.org/es-define-property/-/es-define-property-1.0.1.tgz 3060ms (cache miss)
623 http fetch GET 200 https://registry.npmjs.org/ipaddr.js/-/ipaddr.js-1.9.1.tgz 3062ms (cache miss)
624 http fetch GET 200 https://registry.npmjs.org/forwarded/-/forwarded-0.2.0.tgz 4677ms (cache miss)
625 http fetch GET 200 https://registry.npmjs.org/lodash.isinteger/-/lodash.isinteger-4.0.4.tgz 4900ms (cache miss)
626 http fetch GET 200 https://registry.npmjs.org/buffer-equal-constant-time/-/buffer-equal-constant-time-1.0.1.tgz 5178ms (cache miss)
627 http fetch GET 200 https://registry.npmjs.org/wrappy/-/wrappy-1.0.2.tgz 5185ms (cache miss)
628 http fetch GET 200 https://registry.npmjs.org/jwa/-/jwa-1.4.1.tgz 5188ms (cache miss)
629 http fetch GET 200 https://registry.npmjs.org/once/-/once-1.4.0.tgz 5314ms (cache miss)
630 http fetch GET 200 https://registry.npmjs.org/ee-first/-/ee-first-1.1.1.tgz 5643ms (cache miss)
631 http fetch GET 200 https://registry.npmjs.org/lodash.isstring/-/lodash.isstring-4.0.1.tgz 5640ms (cache miss)
632 http fetch GET 200 https://registry.npmjs.org/depd/-/depd-2.0.0.tgz 5615ms (cache miss)
633 http fetch GET 200 https://registry.npmjs.org/safe-buffer/-/safe-buffer-5.2.1.tgz 5621ms (cache miss)
634 http fetch GET 200 https://registry.npmjs.org/send/-/send-1.2.0.tgz 5622ms (cache miss)
635 http fetch GET 200 https://registry.npmjs.org/on-finished/-/on-finished-2.4.1.tgz 5622ms (cache miss)
636 http fetch GET 200 https://registry.npmjs.org/lodash.isboolean/-/lodash.isboolean-3.0.3.tgz 5997ms (cache miss)
637 http fetch GET 200 https://registry.npmjs.org/lodash.once/-/lodash.once-4.1.1.tgz 6025ms (cache miss)
638 http fetch GET 200 https://registry.npmjs.org/merge-descriptors/-/merge-descriptors-2.0.0.tgz 5991ms (cache miss)
639 http fetch GET 200 https://registry.npmjs.org/hasown/-/hasown-2.0.2.tgz 6279ms (cache miss)
640 http fetch GET 200 https://registry.npmjs.org/lodash.isplainobject/-/lodash.isplainobject-4.0.6.tgz 6217ms (cache miss)
641 http fetch GET 200 https://registry.npmjs.org/lodash.isnumber/-/lodash.isnumber-3.0.3.tgz 6213ms (cache miss)
642 http fetch GET 200 https://registry.npmjs.org/content-disposition/-/content-disposition-1.0.0.tgz 6229ms (cache miss)
643 http fetch GET 200 https://registry.npmjs.org/escape-html/-/escape-html-1.0.3.tgz 6248ms (cache miss)
644 http fetch GET 200 https://registry.npmjs.org/inherits/-/inherits-2.0.4.tgz 6483ms (cache miss)
645 http fetch GET 200 https://registry.npmjs.org/range-parser/-/range-parser-1.2.1.tgz 6474ms (cache miss)
646 http fetch GET 200 https://registry.npmjs.org/encodeurl/-/encodeurl-2.0.0.tgz 6525ms (cache miss)
647 http fetch GET 200 https://registry.npmjs.org/body-parser/-/body-parser-2.2.0.tgz 6732ms (cache miss)
648 http fetch GET 200 https://registry.npmjs.org/toidentifier/-/toidentifier-1.0.1.tgz 6806ms (cache miss)
649 http fetch GET 200 https://registry.npmjs.org/cookie-signature/-/cookie-signature-1.2.2.tgz 6798ms (cache miss)
650 http fetch GET 200 https://registry.npmjs.org/etag/-/etag-1.8.1.tgz 6804ms (cache miss)
651 http fetch GET 200 https://registry.npmjs.org/vary/-/vary-1.1.2.tgz 7077ms (cache miss)
652 http fetch GET 200 https://registry.npmjs.org/parseurl/-/parseurl-1.3.3.tgz 7073ms (cache miss)
653 http fetch GET 200 https://registry.npmjs.org/http-errors/-/http-errors-2.0.0.tgz 7043ms (cache miss)
654 http fetch GET 200 https://registry.npmjs.org/has-symbols/-/has-symbols-1.1.0.tgz 7540ms (cache miss)
655 http fetch GET 200 https://registry.npmjs.org/setprototypeof/-/setprototypeof-1.2.0.tgz 7462ms (cache miss)
656 http fetch GET 200 https://registry.npmjs.org/fresh/-/fresh-2.0.0.tgz 7445ms (cache miss)
657 http fetch GET 200 https://registry.npmjs.org/ms/-/ms-2.1.3.tgz 7430ms (cache miss)
658 http fetch GET 200 https://registry.npmjs.org/content-type/-/content-type-1.0.5.tgz 7566ms (cache miss)
659 http fetch GET 200 https://registry.npmjs.org/bytes/-/bytes-3.1.2.tgz 7576ms (cache miss)
660 http fetch GET 200 https://registry.npmjs.org/statuses/-/statuses-2.0.1.tgz 8780ms (cache miss)
661 http fetch GET 200 https://registry.npmjs.org/lodash.includes/-/lodash.includes-4.3.0.tgz 9364ms (cache miss)
662 http fetch GET 200 https://registry.npmjs.org/finalhandler/-/finalhandler-2.1.0.tgz 9354ms (cache miss)
663 http fetch GET 200 https://registry.npmjs.org/ecdsa-sig-formatter/-/ecdsa-sig-formatter-1.0.11.tgz 9533ms (cache miss)
664 http fetch GET 200 https://registry.npmjs.org/accepts/-/accepts-2.0.0.tgz 9450ms (cache miss)
665 http fetch GET 200 https://registry.npmjs.org/proxy-addr/-/proxy-addr-2.0.7.tgz 9809ms (cache miss)
666 http fetch GET 200 https://registry.npmjs.org/type-is/-/type-is-2.0.1.tgz 9779ms (cache miss)
667 http fetch GET 200 https://registry.npmjs.org/serve-static/-/serve-static-2.2.0.tgz 9955ms (cache miss)
668 http fetch GET 200 https://registry.npmjs.org/cookie/-/cookie-0.7.2.tgz 9948ms (cache miss)
669 http fetch GET 200 https://registry.npmjs.org/side-channel-map/-/side-channel-map-1.0.1.tgz 10318ms (cache miss)
670 http fetch GET 200 https://registry.npmjs.org/jws/-/jws-3.2.2.tgz 10420ms (cache miss)
671 http fetch GET 200 https://registry.npmjs.org/call-bound/-/call-bound-1.0.4.tgz 10498ms (cache miss)
672 http fetch GET 200 https://registry.npmjs.org/mime-types/-/mime-types-3.0.1.tgz 10420ms (cache miss)
673 http fetch GET 200 https://registry.npmjs.org/get-intrinsic/-/get-intrinsic-1.3.0.tgz 10567ms (cache miss)
674 http fetch GET 200 https://registry.npmjs.org/raw-body/-/raw-body-3.0.0.tgz 10680ms (cache miss)
675 http fetch GET 200 https://registry.npmjs.org/function-bind/-/function-bind-1.1.2.tgz 11051ms (cache miss)
676 http fetch GET 200 https://registry.npmjs.org/negotiator/-/negotiator-1.0.0.tgz 11117ms (cache miss)
677 http fetch GET 200 https://registry.npmjs.org/debug/-/debug-4.4.0.tgz 11158ms (cache miss)
678 http fetch GET 200 https://registry.npmjs.org/safer-buffer/-/safer-buffer-2.1.2.tgz 11270ms (cache miss)
679 http fetch GET 200 https://registry.npmjs.org/mime-db/-/mime-db-1.54.0.tgz 12659ms (cache miss)
680 http fetch GET 200 https://registry.npmjs.org/es-object-atoms/-/es-object-atoms-1.1.1.tgz 13192ms (cache miss)
681 http fetch GET 200 https://registry.npmjs.org/router/-/router-2.2.0.tgz 13328ms (cache miss)
682 http fetch GET 200 https://registry.npmjs.org/math-intrinsics/-/math-intrinsics-1.1.0.tgz 13887ms (cache miss)
683 http fetch GET 200 https://registry.npmjs.org/express/-/express-5.1.0.tgz 13733ms (cache miss)
684 http fetch GET 200 https://registry.npmjs.org/bcryptjs/-/bcryptjs-3.0.2.tgz 13736ms (cache miss)
685 http fetch GET 200 https://registry.npmjs.org/call-bind-apply-helpers/-/call-bind-apply-helpers-1.0.2.tgz 14186ms (cache miss)
686 http fetch GET 200 https://registry.npmjs.org/jsonwebtoken/-/jsonwebtoken-9.0.2.tgz 14918ms (cache miss)
687 http fetch GET 200 https://registry.npmjs.org/qs/-/qs-6.14.0.tgz 16723ms (cache miss)
688 http fetch GET 200 https://registry.npmjs.org/iconv-lite/-/iconv-lite-0.6.3.tgz 19139ms (cache miss)
689 http fetch GET 200 https://registry.npmjs.org/semver/-/semver-7.7.1.tgz 19321ms (cache miss)
690 silly ADD node_modules/media-typer
691 silly ADD node_modules/dunder-proto
692 silly ADD node_modules/math-intrinsics
693 silly ADD node_modules/hasown
694 silly ADD node_modules/has-symbols
695 silly ADD node_modules/gopd
696 silly ADD node_modules/get-proto
697 silly ADD node_modules/es-object-atoms
698 silly ADD node_modules/es-define-property
699 silly ADD node_modules/function-bind
700 silly ADD node_modules/call-bind-apply-helpers
701 silly ADD node_modules/get-intrinsic
702 silly ADD node_modules/call-bound
703 silly ADD node_modules/side-channel-weakmap
704 silly ADD node_modules/side-channel-map
705 silly ADD node_modules/side-channel-list
706 silly ADD node_modules/object-inspect
707 silly ADD node_modules/es-errors
708 silly ADD node_modules/path-to-regexp
709 silly ADD node_modules/is-promise
710 silly ADD node_modules/unpipe
711 silly ADD node_modules/side-channel
712 silly ADD node_modules/ipaddr.js
713 silly ADD node_modules/forwarded
714 silly ADD node_modules/wrappy
715 silly ADD node_modules/ee-first
716 silly ADD node_modules/mime-db
717 silly ADD node_modules/ecdsa-sig-formatter
718 silly ADD node_modules/buffer-equal-constant-time
719 silly ADD node_modules/jwa
720 silly ADD node_modules/semver
721 silly ADD node_modules/lodash.once
722 silly ADD node_modules/lodash.isstring
723 silly ADD node_modules/lodash.isplainobject
724 silly ADD node_modules/lodash.isnumber
725 silly ADD node_modules/lodash.isinteger
726 silly ADD node_modules/lodash.isboolean
727 silly ADD node_modules/lodash.includes
728 silly ADD node_modules/jws
729 silly ADD node_modules/safer-buffer
730 silly ADD node_modules/toidentifier
731 silly ADD node_modules/setprototypeof
732 silly ADD node_modules/inherits
733 silly ADD node_modules/depd
734 silly ADD node_modules/safe-buffer
735 silly ADD node_modules/negotiator
736 silly ADD node_modules/vary
737 silly ADD node_modules/statuses
738 silly ADD node_modules/serve-static
739 silly ADD node_modules/send
740 silly ADD node_modules/router
741 silly ADD node_modules/range-parser
742 silly ADD node_modules/proxy-addr
743 silly ADD node_modules/parseurl
744 silly ADD node_modules/once
745 silly ADD node_modules/mime-types
746 silly ADD node_modules/merge-descriptors
747 silly ADD node_modules/fresh
748 silly ADD node_modules/finalhandler
749 silly ADD node_modules/etag
750 silly ADD node_modules/escape-html
751 silly ADD node_modules/encodeurl
752 silly ADD node_modules/cookie-signature
753 silly ADD node_modules/cookie
754 silly ADD node_modules/content-disposition
755 silly ADD node_modules/accepts
756 silly ADD node_modules/ms
757 silly ADD node_modules/type-is
758 silly ADD node_modules/raw-body
759 silly ADD node_modules/qs
760 silly ADD node_modules/on-finished
761 silly ADD node_modules/iconv-lite
762 silly ADD node_modules/http-errors
763 silly ADD node_modules/debug
764 silly ADD node_modules/content-type
765 silly ADD node_modules/bytes
766 silly ADD node_modules/jsonwebtoken
767 silly ADD node_modules/express
768 silly ADD node_modules/body-parser
769 silly ADD node_modules/bcryptjs
770 verbose cwd C:\Users\HP\Desktop\lib\book-library-api
771 verbose os Windows_NT 10.0.19045
772 verbose node v21.6.1
773 verbose npm  v10.9.1
774 verbose exit 0
775 info ok
