0 verbose cli C:\Program Files\nodejs\node.exe C:\Users\HP\AppData\Roaming\npm\node_modules\npm\bin\npm-cli.js
1 info using npm@10.9.1
2 info using node@v21.6.1
3 silly config load:file:C:\Users\HP\AppData\Roaming\npm\node_modules\npm\npmrc
4 silly config load:file:C:\Users\HP\Desktop\lib\book-library-api\.npmrc
5 silly config load:file:C:\Users\HP\.npmrc
6 silly config load:file:C:\Users\HP\AppData\Roaming\npm\etc\npmrc
7 verbose title npm init
8 verbose argv "init" "--yes"
9 verbose logfile logs-max:10 dir:C:\Users\HP\Desktop\lib\book-library-api\clean\_logs\2025-04-23T13_33_03_894Z-
10 verbose logfile C:\Users\HP\Desktop\lib\book-library-api\clean\_logs\2025-04-23T13_33_03_894Z-debug-0.log
11 silly logfile done cleaning log files
12 silly package data {
12 silly package data   name: 'book-library-api',
12 silly package data   version: '1.0.0',
12 silly package data   main: 'index.js',
12 silly package data   scripts: { test: 'echo "Error: no test specified" && exit 1' },
12 silly package data   keywords: [],
12 silly package data   author: '',
12 silly package data   license: 'ISC',
12 silly package data   description: ''
12 silly package data }
13 verbose cwd C:\Users\HP\Desktop\lib\book-library-api
14 verbose os Windows_NT 10.0.19045
15 verbose node v21.6.1
16 verbose npm  v10.9.1
17 verbose exit 0
18 info ok
